This is pdfTeX, Version 3.14159265-2.6-1.40.15 (TeX Live 2014/Cygwin) (preloaded format=pdflatex 2015.7.2)  2 JUL 2015 21:46
entering extended mode
 restricted \write18 enabled.
 %&-line parsing enabled.
**VbsLL.tex
(./VbsLL.tex
LaTeX2e <2014/05/01>
Babel <3.9k> and hyphenation patterns for 78 languages loaded.
(/usr/share/texmf-dist/tex/latex/base/article.cls
Document Class: article 2007/10/19 v1.4h Standard LaTeX document class
(/usr/share/texmf-dist/tex/latex/base/size10.clo
File: size10.clo 2007/10/19 v1.4h Standard LaTeX file (size option)
)
\c@part=\count79
\c@section=\count80
\c@subsection=\count81
\c@subsubsection=\count82
\c@paragraph=\count83
\c@subparagraph=\count84
\c@figure=\count85
\c@table=\count86
\abovecaptionskip=\skip41
\belowcaptionskip=\skip42
\bibindent=\dimen102
)
(/usr/share/texmf-dist/tex/latex/oberdiek/epstopdf.sty
Package: epstopdf 2010/02/09 v2.5 Conversion with epstopdf on the fly (HO)

(/usr/share/texmf-dist/tex/latex/oberdiek/epstopdf-base.sty
Package: epstopdf-base 2010/02/09 v2.5 Base part for package epstopdf

(/usr/share/texmf-dist/tex/generic/oberdiek/infwarerr.sty
Package: infwarerr 2010/04/08 v1.3 Providing info/warning/error messages (HO)
)
(/usr/share/texmf-dist/tex/latex/oberdiek/grfext.sty
Package: grfext 2010/08/19 v1.1 Manage graphics extensions (HO)

(/usr/share/texmf-dist/tex/generic/oberdiek/kvdefinekeys.sty
Package: kvdefinekeys 2011/04/07 v1.3 Define keys (HO)

(/usr/share/texmf-dist/tex/generic/oberdiek/ltxcmds.sty
Package: ltxcmds 2011/11/09 v1.22 LaTeX kernel commands for general use (HO)
)))
(/usr/share/texmf-dist/tex/latex/oberdiek/kvoptions.sty
Package: kvoptions 2011/06/30 v3.11 Key value format for package options (HO)

(/usr/share/texmf-dist/tex/latex/graphics/keyval.sty
Package: keyval 2014/05/08 v1.15 key=value parser (DPC)
\KV@toks@=\toks14
)
(/usr/share/texmf-dist/tex/generic/oberdiek/kvsetkeys.sty
Package: kvsetkeys 2012/04/25 v1.16 Key value parser (HO)

(/usr/share/texmf-dist/tex/generic/oberdiek/etexcmds.sty
Package: etexcmds 2011/02/16 v1.5 Avoid name clashes with e-TeX commands (HO)

(/usr/share/texmf-dist/tex/generic/oberdiek/ifluatex.sty
Package: ifluatex 2010/03/01 v1.3 Provides the ifluatex switch (HO)
Package ifluatex Info: LuaTeX not detected.
)
Package etexcmds Info: Could not find \expanded.
(etexcmds)             That can mean that you are not using pdfTeX 1.50 or
(etexcmds)             that some package has redefined \expanded.
(etexcmds)             In the latter case, load this package earlier.
)))
(/usr/share/texmf-dist/tex/generic/oberdiek/pdftexcmds.sty
Package: pdftexcmds 2011/11/29 v0.20 Utility functions of pdfTeX for LuaTeX (HO
)

(/usr/share/texmf-dist/tex/generic/oberdiek/ifpdf.sty
Package: ifpdf 2011/01/30 v2.3 Provides the ifpdf switch (HO)
Package ifpdf Info: pdfTeX in PDF mode is detected.
)
Package pdftexcmds Info: LuaTeX not detected.
Package pdftexcmds Info: \pdf@primitive is available.
Package pdftexcmds Info: \pdf@ifprimitive is available.
Package pdftexcmds Info: \pdfdraftmode found.
)

Package epstopdf Warning: No graphics package `graphic{s,x}' loaded.

)) (/usr/share/texmf-dist/tex/latex/tools/xspace.sty
Package: xspace 2009/10/20 v1.13 Space after command names (DPC,MH)
)
(/usr/share/texmf-dist/tex/latex/amsmath/amsmath.sty
Package: amsmath 2013/01/14 v2.14 AMS math features
\@mathmargin=\skip43

For additional information on amsmath, use the `?' option.
(/usr/share/texmf-dist/tex/latex/amsmath/amstext.sty
Package: amstext 2000/06/29 v2.01

(/usr/share/texmf-dist/tex/latex/amsmath/amsgen.sty
File: amsgen.sty 1999/11/30 v2.0
\@emptytoks=\toks15
\ex@=\dimen103
))
(/usr/share/texmf-dist/tex/latex/amsmath/amsbsy.sty
Package: amsbsy 1999/11/29 v1.2d
\pmbraise@=\dimen104
)
(/usr/share/texmf-dist/tex/latex/amsmath/amsopn.sty
Package: amsopn 1999/12/14 v2.01 operator names
)
\inf@bad=\count87
LaTeX Info: Redefining \frac on input line 210.
\uproot@=\count88
\leftroot@=\count89
LaTeX Info: Redefining \overline on input line 306.
\classnum@=\count90
\DOTSCASE@=\count91
LaTeX Info: Redefining \ldots on input line 378.
LaTeX Info: Redefining \dots on input line 381.
LaTeX Info: Redefining \cdots on input line 466.
\Mathstrutbox@=\box26
\strutbox@=\box27
\big@size=\dimen105
LaTeX Font Info:    Redeclaring font encoding OML on input line 566.
LaTeX Font Info:    Redeclaring font encoding OMS on input line 567.
\macc@depth=\count92
\c@MaxMatrixCols=\count93
\dotsspace@=\muskip10
\c@parentequation=\count94
\dspbrk@lvl=\count95
\tag@help=\toks16
\row@=\count96
\column@=\count97
\maxfields@=\count98
\andhelp@=\toks17
\eqnshift@=\dimen106
\alignsep@=\dimen107
\tagshift@=\dimen108
\tagwidth@=\dimen109
\totwidth@=\dimen110
\lineht@=\dimen111
\@envbody=\toks18
\multlinegap=\skip44
\multlinetaggap=\skip45
\mathdisplay@stack=\toks19
LaTeX Info: Redefining \[ on input line 2665.
LaTeX Info: Redefining \] on input line 2666.
)
(/usr/share/texmf-dist/tex/latex/carlisle/slashed.sty
Package: slashed 1997/01/16 v0.01 Feynman Slashed Character Notation (DPC)
)
(/usr/share/texmf-dist/tex/latex/graphics/graphicx.sty
Package: graphicx 2014/04/25 v1.0g Enhanced LaTeX Graphics (DPC,SPQR)

(/usr/share/texmf-dist/tex/latex/graphics/graphics.sty
Package: graphics 2009/02/05 v1.0o Standard LaTeX Graphics (DPC,SPQR)

(/usr/share/texmf-dist/tex/latex/graphics/trig.sty
Package: trig 1999/03/16 v1.09 sin cos tan (DPC)
)
(/usr/share/texmf-dist/tex/latex/latexconfig/graphics.cfg
File: graphics.cfg 2010/04/23 v1.9 graphics configuration of TeX Live
)
Package graphics Info: Driver file: pdftex.def on input line 91.

(/usr/share/texmf-dist/tex/latex/pdftex-def/pdftex.def
File: pdftex.def 2011/05/27 v0.06d Graphics/color for pdfTeX
\Gread@gobject=\count99
))
\Gin@req@height=\dimen112
\Gin@req@width=\dimen113
)
(/usr/share/texmf-dist/tex/latex/graphics/color.sty
Package: color 2014/04/23 v1.1a Standard LaTeX Color (DPC)

(/usr/share/texmf-dist/tex/latex/latexconfig/color.cfg
File: color.cfg 2007/01/18 v1.5 color configuration of teTeX/TeXLive
)
Package color Info: Driver file: pdftex.def on input line 137.
)
(/usr/share/texmf-dist/tex/latex/oberdiek/grffile.sty
Package: grffile 2012/04/05 v1.16 Extended file name support for graphics (HO)

(/usr/share/texmf-dist/tex/generic/ifxetex/ifxetex.sty
Package: ifxetex 2010/09/12 v0.6 Provides ifxetex conditional
)
Package grffile Info: Option `multidot' is set to `true'.
Package grffile Info: Option `extendedchars' is set to `false'.
Package grffile Info: Option `space' is set to `true'.
Package grffile Info: \Gin@ii of package `graphicx' fixed on input line 486.
) (./VbsLL.aux

LaTeX Warning: Label `fig:mlp_err' multiply defined.

)
\openout1 = `VbsLL.aux'.

LaTeX Font Info:    Checking defaults for OML/cmm/m/it on input line 21.
LaTeX Font Info:    ... okay on input line 21.
LaTeX Font Info:    Checking defaults for T1/cmr/m/n on input line 21.
LaTeX Font Info:    ... okay on input line 21.
LaTeX Font Info:    Checking defaults for OT1/cmr/m/n on input line 21.
LaTeX Font Info:    ... okay on input line 21.
LaTeX Font Info:    Checking defaults for OMS/cmsy/m/n on input line 21.
LaTeX Font Info:    ... okay on input line 21.
LaTeX Font Info:    Checking defaults for OMX/cmex/m/n on input line 21.
LaTeX Font Info:    ... okay on input line 21.
LaTeX Font Info:    Checking defaults for U/cmr/m/n on input line 21.
LaTeX Font Info:    ... okay on input line 21.
 (/usr/share/texmf-dist/tex/context/base/supp-pdf.mkii
[Loading MPS to PDF converter (version 2006.09.02).]
\scratchcounter=\count100
\scratchdimen=\dimen114
\scratchbox=\box28
\nofMPsegments=\count101
\nofMParguments=\count102
\everyMPshowfont=\toks20
\MPscratchCnt=\count103
\MPscratchDim=\dimen115
\MPnumerator=\count104
\makeMPintoPDFobject=\count105
\everyMPtoPDFconversion=\toks21
)

LaTeX Warning: Citation `?' on page 1 undefined on input line 28.

[1

{/var/lib/texmf/fonts/map/pdftex/updmap/pdftex.map}]
<./fig/OneD_cts_compare.pdf, id=14, 569.12625pt x 385.44pt>
File: ./fig/OneD_cts_compare.pdf Graphic file (type pdf)

<use ./fig/OneD_cts_compare.pdf>
Package pdftex.def Info: ./fig/OneD_cts_compare.pdf used on input line 69.
(pdftex.def)             Requested size: 211.04857pt x 142.93404pt.
LaTeX Font Info:    Try loading font information for OMS+cmr on input line 85.

(/usr/share/texmf-dist/tex/latex/base/omscmr.fd
File: omscmr.fd 1999/05/25 v2.5h Standard LaTeX font definitions
)
LaTeX Font Info:    Font shape `OMS/cmr/m/n' in size <10> not available
(Font)              Font shape `OMS/cmsy/m/n' tried instead on input line 85.

Underfull \hbox (badness 3439) in paragraph at lines 88--89
[]\OT1/cmr/m/n/10 Invariant mass of the two par-ton sys-tem
 []


Overfull \hbox (2.9322pt too wide) detected at line 101
 []$[]\OML/cmm/m/it/10 Norm\OT1/cmr/m/n/10 (\OML/cmm/m/it/10 ^^R[]; ^^R[]\OT1/c
mr/m/n/10 ) = [[]\OML/cmm/m/it/10 f[]\OT1/cmr/m/n/10 (1 \OMS/cmsy/m/n/10 ^^G \O
ML/cmm/m/it/10 cos\OT1/cmr/m/n/10 (\OML/cmm/m/it/10 ^^R[]\OT1/cmr/m/n/10 ))[] +
 []\OML/cmm/m/it/10 f[]\OT1/cmr/m/n/10 (1 \OMS/cmsy/m/n/10 ^^F \OML/cmm/m/it/10
 cos\OT1/cmr/m/n/10 (\OML/cmm/m/it/10 ^^R[]\OT1/cmr/m/n/10 ))[]$ 
 []


Underfull \hbox (badness 1082) in paragraph at lines 103--104
[]\OT1/cmr/m/n/10 where $\OML/cmm/m/it/10 F[]$ \OT1/cmr/m/n/10 rep-re-sents the
 six pos-si-ble po-lar-iza-
 []


Underfull \hbox (badness 3375) in paragraph at lines 103--104
\OT1/cmr/m/n/10 (RO), Left-Longitudinal (LO), or Longitudinal-
 []

[2 <./fig/OneD_cts_compare.pdf, page is rotated 90 degrees>]
<./fig/2D_temps.pdf, id=68, 569.12625pt x 385.44pt>
File: ./fig/2D_temps.pdf Graphic file (type pdf)
 <use ./fig/2D_temps.pdf>
Package pdftex.def Info: ./fig/2D_temps.pdf used on input line 134.
(pdftex.def)             Requested size: 211.04857pt x 142.93404pt.

Underfull \hbox (badness 6461) in paragraph at lines 137--137
\OT1/cmr/m/n/10 ing to pure po-lar-iza-tion states which clock-
 []


Underfull \hbox (badness 1152) in paragraph at lines 137--137
\OT1/cmr/m/n/10 wise from the up-per left LO,OO,RO,LL,LR,RR.
 []


Underfull \hbox (badness 2460) in paragraph at lines 137--137
[]\OT1/cmr/m/n/10 Dis-tance of pre-dic-tion from the true value of
 []

<./fig/templates.pdf, id=69, 569.12625pt x 181.67876pt>
File: ./fig/templates.pdf Graphic file (type pdf)

<use ./fig/templates.pdf>
Package pdftex.def Info: ./fig/templates.pdf used on input line 142.
(pdftex.def)             Requested size: 211.04857pt x 67.37254pt.

<./fig/templates_2D.pdf, id=70, 569.12625pt x 385.44pt>
File: ./fig/templates_2D.pdf Graphic file (type pdf)

<use ./fig/templates_2D.pdf>
Package pdftex.def Info: ./fig/templates_2D.pdf used on input line 148.
(pdftex.def)             Requested size: 211.04857pt x 142.93404pt.


LaTeX Warning: Reference `fig:sen_6,fig:sen_3,fig:sen_2' on page 3 undefined on
 input line 159.


LaTeX Warning: Reference `fig:sin_3' on page 3 undefined on input line 159.

[3 <./fig/2D_temps.pdf, page is rotated 90 degrees> <./fig/templates.pdf, page 
is rotated 90 degrees> <./fig/templates_2D.pdf, page is rotated 90 degrees>]
<./fig/sens_0.pdf, id=203, 569.12625pt x 694.595pt>
File: ./fig/sens_0.pdf Graphic file (type pdf)
 <use ./fig/sens_0.pdf>
Package pdftex.def Info: ./fig/sens_0.pdf used on input line 169.
(pdftex.def)             Requested size: 211.04857pt x 257.57906pt.

<./fig/sens_1.pdf, id=204, 569.12625pt x 623.32875pt>
File: ./fig/sens_1.pdf Graphic file (type pdf)
 <use ./fig/sens_1.pdf>
Package pdftex.def Info: ./fig/sens_1.pdf used on input line 175.
(pdftex.def)             Requested size: 211.04857pt x 231.15114pt.

<./fig/sens_2.pdf, id=205, 569.12625pt x 408.52625pt>
File: ./fig/sens_2.pdf Graphic file (type pdf)
 <use ./fig/sens_2.pdf>
Package pdftex.def Info: ./fig/sens_2.pdf used on input line 181.
(pdftex.def)             Requested size: 211.04857pt x 151.4952pt.

Underfull \vbox (badness 10000) has occurred while \output is active []

 [4 <./fig/sens_0.pdf> <./fig/sens_1.pdf> <./fig/sens_2.pdf, page is rotated 90
 degrees>]

LaTeX Warning: Reference `tab:sense' on page 5 undefined on input line 202.

<./fig/sig_bkg.pdf, id=339, 569.12625pt x 387.4475pt>
File: ./fig/sig_bkg.pdf Graphic file (type pdf)
 <use ./fig/sig_bkg.pdf>
Package pdftex.def Info: ./fig/sig_bkg.pdf used on input line 208.
(pdftex.def)             Requested size: 211.04857pt x 143.67848pt.

(./ref.tex
Underfull \hbox (badness 6641) in paragraph at lines 22--28
\OT1/cmr/m/n/10 Rev. Lett. \OT1/cmr/bx/n/10 113\OT1/cmr/m/n/10 , no. 14, 141803
 (2014)
 []

[5 <./fig/sig_bkg.pdf, page is rotated 90 degrees>]
Underfull \hbox (badness 2310) in paragraph at lines 51--57
[]\OT1/cmr/m/n/10 K. Doroba, J. Kali-nowski, J. Kucz-marski,
 []


Underfull \hbox (badness 5578) in paragraph at lines 51--57
\OT1/cmr/m/n/10 S. Poko-rski, J. Rosiek, M. Szleper and
 []

)
Underfull \hbox (badness 3679) in paragraph at lines 71--266
[]\OT1/cmr/m/n/10 P. Baldi, P. Sad-owski and D. White-son,
 []

[6

] [7] (./VbsLL.aux)

LaTeX Warning: There were undefined references.


LaTeX Warning: There were multiply-defined labels.

 ) 
Here is how much of TeX's memory you used:
 2261 strings out of 493117
 30755 string characters out of 6141205
 99377 words of memory out of 5000000
 5694 multiletter control sequences out of 15000+600000
 7628 words of font info for 28 fonts, out of 8000000 for 9000
 1141 hyphenation exceptions out of 8191
 42i,10n,23p,1347b,256s stack positions out of 5000i,500n,10000p,200000b,80000s
</usr/share/texmf-dist/fonts/type1/public/amsfonts/cm/cmbx10.pfb></usr/share/
texmf-dist/fonts/type1/public/amsfonts/cm/cmbx12.pfb></usr/share/texmf-dist/fon
ts/type1/public/amsfonts/cmextra/cmex9.pfb></usr/share/texmf-dist/fonts/type1/p
ublic/amsfonts/cm/cmmi10.pfb></usr/share/texmf-dist/fonts/type1/public/amsfonts
/cm/cmmi6.pfb></usr/share/texmf-dist/fonts/type1/public/amsfonts/cm/cmmi7.pfb><
/usr/share/texmf-dist/fonts/type1/public/amsfonts/cm/cmmi9.pfb></usr/share/texm
f-dist/fonts/type1/public/amsfonts/cm/cmr10.pfb></usr/share/texmf-dist/fonts/ty
pe1/public/amsfonts/cm/cmr6.pfb></usr/share/texmf-dist/fonts/type1/public/amsfo
nts/cm/cmr7.pfb></usr/share/texmf-dist/fonts/type1/public/amsfonts/cm/cmr9.pfb>
</usr/share/texmf-dist/fonts/type1/public/amsfonts/cm/cmsy10.pfb></usr/share/te
xmf-dist/fonts/type1/public/amsfonts/cm/cmsy6.pfb></usr/share/texmf-dist/fonts/
type1/public/amsfonts/cm/cmsy7.pfb></usr/share/texmf-dist/fonts/type1/public/am
sfonts/cm/cmsy9.pfb></usr/share/texmf-dist/fonts/type1/public/amsfonts/cm/cmti1
0.pfb>
Output written on VbsLL.pdf (7 pages, 294960 bytes).
PDF statistics:
 446 PDF objects out of 1000 (max. 8388607)
 210 compressed objects within 3 object streams
 0 named destinations out of 1000 (max. 500000)
 41 words of extra memory for PDF output out of 10000 (max. 10000000)

